pool=50000 população=181490 classes=714
[pvbin] |L|=500 int acc/F1=0.5/0.3356 ext acc/F1=0.4329/0.0841
[pvbin] |L|=1000 int acc/F1=0.48/0.2769 ext acc/F1=0.4828/0.1416
[pvbin] |L|=1500 int acc/F1=0.49/0.3279 ext acc/F1=0.5209/0.1786
[pvbin] |L|=2000 int acc/F1=0.53/0.3953 ext acc/F1=0.5492/0.2171
[pvbin] |L|=2500 int acc/F1=0.502/0.3316 ext acc/F1=0.5763/0.2394
[pvbin] |L|=3000 int acc/F1=0.4633/0.3154 ext acc/F1=0.5945/0.2549
[pvbin] |L|=3500 int acc/F1=0.4914/0.3285 ext acc/F1=0.6202/0.2882
[pvbin] |L|=4000 int acc/F1=0.5038/0.3585 ext acc/F1=0.6386/0.3019
[pvbin] |L|=4500 int acc/F1=0.5033/0.3482 ext acc/F1=0.6499/0.3346
[pvbin] |L|=5000 int acc/F1=0.537/0.3807 ext acc/F1=0.6602/0.3449
[pvbin] |L|=5500 int acc/F1=0.5418/0.3931 ext acc/F1=0.6691/0.3577
[pvbin] |L|=6000 int acc/F1=0.5575/0.4008 ext acc/F1=0.6873/0.3691
[pvbin] |L|=6500 int acc/F1=0.5577/0.4168 ext acc/F1=0.6991/0.3816
[pvbin] |L|=7000 int acc/F1=0.5693/0.4135 ext acc/F1=0.7067/0.3926
[pvbin] |L|=7500 int acc/F1=0.5893/0.4569 ext acc/F1=0.7189/0.4031
[pvbin] |L|=8000 int acc/F1=0.5869/0.4506 ext acc/F1=0.7255/0.4112
[pvbin] |L|=8500 int acc/F1=0.6041/0.4499 ext acc/F1=0.7315/0.4153
[pvbin] |L|=9000 int acc/F1=0.5872/0.425 ext acc/F1=0.7275/0.4183
[pvbin] |L|=9500 int acc/F1=0.5911/0.4302 ext acc/F1=0.7367/0.4317
[pvbin] |L|=10000 int acc/F1=0.6165/0.4729 ext acc/F1=0.7413/0.4383
[pvbin] |L|=10500 int acc/F1=0.619/0.4558 ext acc/F1=0.7456/0.4403
[pvbin] |L|=11000 int acc/F1=0.6418/0.4619 ext acc/F1=0.7504/0.4457
[pvbin] |L|=11500 int acc/F1=0.6174/0.4616 ext acc/F1=0.7542/0.4516
[pvbin] |L|=12000 int acc/F1=0.6308/0.4697 ext acc/F1=0.7575/0.459
[pvbin] |L|=12500 int acc/F1=0.63/0.4585 ext acc/F1=0.7669/0.4623
[pvbin] |L|=13000 int acc/F1=0.6377/0.4792 ext acc/F1=0.7752/0.4694
[pvbin] |L|=13500 int acc/F1=0.6326/0.463 ext acc/F1=0.7772/0.4665
[pvbin] |L|=14000 int acc/F1=0.6507/0.4738 ext acc/F1=0.7794/0.473
[pvbin] |L|=14500 int acc/F1=0.6431/0.4654 ext acc/F1=0.7823/0.4748
[pvbin] |L|=15000 int acc/F1=0.6537/0.4816 ext acc/F1=0.7804/0.4818
[pvbin] |L|=15500 int acc/F1=0.6739/0.5024 ext acc/F1=0.7866/0.4876
[pvbin] |L|=16000 int acc/F1=0.6734/0.5014 ext acc/F1=0.7884/0.4864
[pvbin] |L|=16500 int acc/F1=0.6742/0.4937 ext acc/F1=0.7902/0.4842
[pvbin] |L|=17000 int acc/F1=0.67/0.5013 ext acc/F1=0.792/0.4867
[pvbin] |L|=17500 int acc/F1=0.6929/0.5169 ext acc/F1=0.7948/0.4949
[pvbin] |L|=18000 int acc/F1=0.7003/0.5333 ext acc/F1=0.8016/0.4984
[pvbin] |L|=18500 int acc/F1=0.7097/0.5399 ext acc/F1=0.8024/0.4976
[pvbin] |L|=19000 int acc/F1=0.7013/0.538 ext acc/F1=0.8047/0.5065
[pvbin] |L|=19500 int acc/F1=0.7018/0.53 ext acc/F1=0.8047/0.5045
[pvbin] |L|=20000 int acc/F1=0.7107/0.5312 ext acc/F1=0.8084/0.5085
[pvbin] |L|=20500 int acc/F1=0.7146/0.551 ext acc/F1=0.8095/0.5076
[pvbin] |L|=21000 int acc/F1=0.715/0.5486 ext acc/F1=0.8117/0.5108
[pvbin] |L|=21500 int acc/F1=0.7209/0.547 ext acc/F1=0.8107/0.5073
[pvbin] |L|=22000 int acc/F1=0.7252/0.5649 ext acc/F1=0.8127/0.5129
[pvbin] |L|=22500 int acc/F1=0.728/0.5457 ext acc/F1=0.813/0.5139
[pvbin] |L|=23000 int acc/F1=0.7339/0.5532 ext acc/F1=0.8145/0.5133
[pvbin] |L|=23500 int acc/F1=0.7228/0.5151 ext acc/F1=0.8158/0.5101
[pvbin] |L|=24000 int acc/F1=0.735/0.5403 ext acc/F1=0.8207/0.5167
[pvbin] |L|=24500 int acc/F1=0.7392/0.5286 ext acc/F1=0.8218/0.5181
[pvbin] |L|=25000 int acc/F1=0.7416/0.551 ext acc/F1=0.824/0.5195
[pvbin] |L|=25500 int acc/F1=0.7384/0.5312 ext acc/F1=0.8246/0.5174
[pvbin] |L|=26000 int acc/F1=0.7523/0.5487 ext acc/F1=0.824/0.5158
[pvbin] |L|=26500 int acc/F1=0.7474/0.5268 ext acc/F1=0.8253/0.5173
[pvbin] |L|=27000 int acc/F1=0.7426/0.5287 ext acc/F1=0.8261/0.5162
[pvbin] |L|=27500 int acc/F1=0.7585/0.5586 ext acc/F1=0.8253/0.5192
[pvbin] |L|=28000 int acc/F1=0.7609/0.555 ext acc/F1=0.8254/0.518
[pvbin] |L|=28500 int acc/F1=0.7595/0.5624 ext acc/F1=0.825/0.5193
[pvbin] |L|=29000 int acc/F1=0.7607/0.5604 ext acc/F1=0.8267/0.5209
[pvbin] |L|=29500 int acc/F1=0.761/0.5559 ext acc/F1=0.8287/0.5222
[pvbin] |L|=30000 int acc/F1=0.7613/0.568 ext acc/F1=0.8276/0.5236
[pvbin] |L|=30500 int acc/F1=0.7721/0.5721 ext acc/F1=0.8312/0.5198
[pvbin] |L|=31000 int acc/F1=0.7711/0.5549 ext acc/F1=0.8299/0.5194
[pvbin] |L|=31500 int acc/F1=0.7727/0.5628 ext acc/F1=0.8311/0.5226
[pvbin] |L|=32000 int acc/F1=0.7741/0.5604 ext acc/F1=0.8312/0.5181
[pvbin] |L|=32500 int acc/F1=0.7749/0.5705 ext acc/F1=0.8313/0.5213
[pvbin] |L|=33000 int acc/F1=0.7809/0.5707 ext acc/F1=0.8322/0.5203
[pvbin] |L|=33500 int acc/F1=0.7836/0.5696 ext acc/F1=0.8322/0.5241
[pvbin] |L|=34000 int acc/F1=0.7831/0.5715 ext acc/F1=0.8324/0.5197
[pvbin] |L|=34500 int acc/F1=0.7872/0.5778 ext acc/F1=0.8334/0.5289
[pvbin] |L|=35000 int acc/F1=0.7883/0.5795 ext acc/F1=0.8344/0.5276
[pvbin] |L|=35500 int acc/F1=0.7854/0.5751 ext acc/F1=0.8338/0.5234
[pvbin] |L|=36000 int acc/F1=0.7913/0.5718 ext acc/F1=0.8353/0.5219
[pvbin] |L|=36500 int acc/F1=0.7918/0.5783 ext acc/F1=0.8337/0.5239
[pvbin] |L|=37000 int acc/F1=0.7938/0.5807 ext acc/F1=0.8333/0.5218
[pvbin] |L|=37500 int acc/F1=0.7971/0.5865 ext acc/F1=0.8349/0.5257
[pvbin] |L|=38000 int acc/F1=0.7949/0.5932 ext acc/F1=0.8345/0.5249
[pvbin] |L|=38500 int acc/F1=0.7997/0.5725 ext acc/F1=0.8348/0.5223
[pvbin] |L|=39000 int acc/F1=0.7983/0.5822 ext acc/F1=0.8348/0.5256
[pvbin] |L|=39500 int acc/F1=0.8075/0.5895 ext acc/F1=0.8351/0.529
[pvbin] |L|=40000 int acc/F1=0.804/0.5885 ext acc/F1=0.8345/0.526
[pvbin] |L|=40500 int acc/F1=0.806/0.585 ext acc/F1=0.8346/0.5291
[pvbin] |L|=41000 int acc/F1=0.8067/0.5807 ext acc/F1=0.8348/0.5269
[pvbin] |L|=41500 int acc/F1=0.8167/0.5752 ext acc/F1=0.8362/0.5217
[pvbin] |L|=42000 int acc/F1=0.8137/0.5858 ext acc/F1=0.8365/0.5241
[pvbin] |L|=42500 int acc/F1=0.8109/0.5707 ext acc/F1=0.8356/0.5229
[pvbin] |L|=43000 int acc/F1=0.8105/0.5845 ext acc/F1=0.8345/0.5251
[pvbin] |L|=43500 int acc/F1=0.8174/0.5824 ext acc/F1=0.8356/0.5283
[pvbin] |L|=44000 int acc/F1=0.8166/0.5877 ext acc/F1=0.8351/0.5231
[pvbin] |L|=44500 int acc/F1=0.8194/0.5907 ext acc/F1=0.8359/0.5285
[pvbin] |L|=45000 int acc/F1=0.815/0.5666 ext acc/F1=0.8356/0.5229
[pvbin] |L|=45500 int acc/F1=0.8213/0.5815 ext acc/F1=0.8351/0.5218
[pvbin] |L|=46000 int acc/F1=0.8229/0.5856 ext acc/F1=0.8343/0.5215
[pvbin] |L|=46500 int acc/F1=0.8209/0.5738 ext acc/F1=0.8342/0.5198
[pvbin] |L|=47000 int acc/F1=0.8255/0.5683 ext acc/F1=0.8339/0.5191
[pvbin] |L|=47500 int acc/F1=0.8224/0.5581 ext acc/F1=0.8344/0.5195
[pvbin] |L|=48000 int acc/F1=0.8263/0.5716 ext acc/F1=0.8338/0.5203
[pvbin] |L|=48500 int acc/F1=0.8274/0.5714 ext acc/F1=0.8332/0.5215
[pvbin] |L|=49000 int acc/F1=0.8349/0.5661 ext acc/F1=0.8331/0.5191
[pvbin] |L|=49500 int acc/F1=0.8305/0.5663 ext acc/F1=0.8343/0.5206
[pvbin] |L|=50000 int acc/F1=0.8298/0.5568 ext acc/F1=0.8341/0.518
{
  "classifier": "pvbin",
  "budget": 50000,
  "batch": 500,
  "pool": 50000,
  "population": 181490,
  "final": {
    "n_labels": 50000,
    "acc_int": 0.8298,
    "f1_int": 0.5568,
    "acc_ext": 0.8341,
    "f1_ext": 0.518,
    "elapsed_s": 775.7
  },
  "wall_seconds": 775.7
}
[sgd] |L|=500 int acc/F1=0.51/0.2988 ext acc/F1=0.4955/0.0914
[sgd] |L|=1000 int acc/F1=0.47/0.3096 ext acc/F1=0.5581/0.1677
[sgd] |L|=1500 int acc/F1=0.58/0.3778 ext acc/F1=0.6219/0.2319
[sgd] |L|=2000 int acc/F1=0.6125/0.4595 ext acc/F1=0.6737/0.2765
[sgd] |L|=2500 int acc/F1=0.602/0.4718 ext acc/F1=0.7034/0.3215
[sgd] |L|=3000 int acc/F1=0.6233/0.4565 ext acc/F1=0.7305/0.3575
[sgd] |L|=3500 int acc/F1=0.6286/0.4828 ext acc/F1=0.7584/0.3977
[sgd] |L|=4000 int acc/F1=0.615/0.4692 ext acc/F1=0.7699/0.4209
[sgd] |L|=4500 int acc/F1=0.6189/0.4891 ext acc/F1=0.7908/0.4438
[sgd] |L|=5000 int acc/F1=0.649/0.5275 ext acc/F1=0.8009/0.4664
[sgd] |L|=5500 int acc/F1=0.6591/0.5341 ext acc/F1=0.8122/0.4864
[sgd] |L|=6000 int acc/F1=0.6683/0.5622 ext acc/F1=0.8239/0.5106
[sgd] |L|=6500 int acc/F1=0.6846/0.5718 ext acc/F1=0.8344/0.5222
[sgd] |L|=7000 int acc/F1=0.6986/0.5856 ext acc/F1=0.8433/0.5363
[sgd] |L|=7500 int acc/F1=0.6907/0.5549 ext acc/F1=0.8491/0.5406
[sgd] |L|=8000 int acc/F1=0.6981/0.5921 ext acc/F1=0.8537/0.5615
[sgd] |L|=8500 int acc/F1=0.6924/0.5772 ext acc/F1=0.8589/0.5537
[sgd] |L|=9000 int acc/F1=0.6689/0.5665 ext acc/F1=0.8618/0.56
[sgd] |L|=9500 int acc/F1=0.6953/0.5708 ext acc/F1=0.8666/0.5683
[sgd] |L|=10000 int acc/F1=0.699/0.5952 ext acc/F1=0.8706/0.5647
[sgd] |L|=10500 int acc/F1=0.6914/0.5826 ext acc/F1=0.8743/0.5787
[sgd] |L|=11000 int acc/F1=0.6991/0.59 ext acc/F1=0.8773/0.5843
[sgd] |L|=11500 int acc/F1=0.7196/0.5953 ext acc/F1=0.8806/0.5767
[sgd] |L|=12000 int acc/F1=0.73/0.6303 ext acc/F1=0.8813/0.5807
[sgd] |L|=12500 int acc/F1=0.7388/0.6367 ext acc/F1=0.8841/0.5824
[sgd] |L|=13000 int acc/F1=0.7304/0.6136 ext acc/F1=0.8852/0.584
[sgd] |L|=13500 int acc/F1=0.7415/0.617 ext acc/F1=0.8873/0.5847
[sgd] |L|=14000 int acc/F1=0.7436/0.6268 ext acc/F1=0.8888/0.5881
[sgd] |L|=14500 int acc/F1=0.739/0.6363 ext acc/F1=0.8897/0.5864
[sgd] |L|=15000 int acc/F1=0.7647/0.6374 ext acc/F1=0.8909/0.5883
[sgd] |L|=15500 int acc/F1=0.7526/0.6357 ext acc/F1=0.8916/0.5907
[sgd] |L|=16000 int acc/F1=0.7697/0.647 ext acc/F1=0.8915/0.5828
[sgd] |L|=16500 int acc/F1=0.7688/0.6378 ext acc/F1=0.8929/0.5797
[sgd] |L|=17000 int acc/F1=0.76/0.6414 ext acc/F1=0.8926/0.5793
[sgd] |L|=17500 int acc/F1=0.7734/0.6418 ext acc/F1=0.8931/0.5797
[sgd] |L|=18000 int acc/F1=0.7808/0.6562 ext acc/F1=0.8941/0.576
[sgd] |L|=18500 int acc/F1=0.7889/0.6604 ext acc/F1=0.8948/0.5766
[sgd] |L|=19000 int acc/F1=0.7876/0.6503 ext acc/F1=0.8947/0.5762
[sgd] |L|=19500 int acc/F1=0.7923/0.6616 ext acc/F1=0.8944/0.5766
[sgd] |L|=20000 int acc/F1=0.8013/0.6733 ext acc/F1=0.8951/0.5741
[sgd] |L|=20500 int acc/F1=0.8059/0.6587 ext acc/F1=0.896/0.5742
[sgd] |L|=21000 int acc/F1=0.816/0.651 ext acc/F1=0.896/0.5636
[sgd] |L|=21500 int acc/F1=0.7984/0.6319 ext acc/F1=0.8944/0.5582
[sgd] |L|=22000 int acc/F1=0.8007/0.6291 ext acc/F1=0.8946/0.5534
[sgd] |L|=22500 int acc/F1=0.8067/0.632 ext acc/F1=0.8956/0.5513
[sgd] |L|=23000 int acc/F1=0.8104/0.628 ext acc/F1=0.8944/0.5498
[sgd] |L|=23500 int acc/F1=0.8138/0.6435 ext acc/F1=0.8956/0.5511
[sgd] |L|=24000 int acc/F1=0.8137/0.6391 ext acc/F1=0.8942/0.5449
[sgd] |L|=24500 int acc/F1=0.8147/0.636 ext acc/F1=0.8946/0.5446
[sgd] |L|=25000 int acc/F1=0.8218/0.621 ext acc/F1=0.8949/0.5435
[sgd] |L|=25500 int acc/F1=0.8218/0.6394 ext acc/F1=0.8937/0.5408
[sgd] |L|=26000 int acc/F1=0.8165/0.6263 ext acc/F1=0.8933/0.5378
[sgd] |L|=26500 int acc/F1=0.824/0.6441 ext acc/F1=0.8933/0.5337
[sgd] |L|=27000 int acc/F1=0.8244/0.6442 ext acc/F1=0.8928/0.5297
[sgd] |L|=27500 int acc/F1=0.8307/0.6381 ext acc/F1=0.8931/0.5319
[sgd] |L|=28000 int acc/F1=0.8304/0.6381 ext acc/F1=0.8926/0.5253
[sgd] |L|=28500 int acc/F1=0.8296/0.6366 ext acc/F1=0.8923/0.5274
[sgd] |L|=29000 int acc/F1=0.8309/0.6409 ext acc/F1=0.8914/0.5242
[sgd] |L|=29500 int acc/F1=0.8319/0.6372 ext acc/F1=0.8919/0.5234
[sgd] |L|=30000 int acc/F1=0.8345/0.6292 ext acc/F1=0.8915/0.5214
[sgd] |L|=30500 int acc/F1=0.8341/0.6371 ext acc/F1=0.8908/0.5159
[sgd] |L|=31000 int acc/F1=0.8347/0.6351 ext acc/F1=0.8904/0.5143
[sgd] |L|=31500 int acc/F1=0.8368/0.6232 ext acc/F1=0.8899/0.5158
[sgd] |L|=32000 int acc/F1=0.8334/0.6401 ext acc/F1=0.8895/0.5135
[sgd] |L|=32500 int acc/F1=0.8406/0.6228 ext acc/F1=0.8885/0.5083
[sgd] |L|=33000 int acc/F1=0.8394/0.6252 ext acc/F1=0.8885/0.509
[sgd] |L|=33500 int acc/F1=0.841/0.6243 ext acc/F1=0.8878/0.5034
[sgd] |L|=34000 int acc/F1=0.8413/0.6146 ext acc/F1=0.8875/0.5034
[sgd] |L|=34500 int acc/F1=0.847/0.6274 ext acc/F1=0.8873/0.5015
[sgd] |L|=35000 int acc/F1=0.8431/0.6147 ext acc/F1=0.8868/0.4984
[sgd] |L|=35500 int acc/F1=0.8462/0.618 ext acc/F1=0.8858/0.493
[sgd] |L|=36000 int acc/F1=0.8458/0.6116 ext acc/F1=0.8851/0.4902
[sgd] |L|=36500 int acc/F1=0.8475/0.6159 ext acc/F1=0.8849/0.4917
